app/build/outputs/logs/manifest-merger-debug-report.txt
-- Merging decision tree log ---
manifest
ADDED from src\main\AndroidManifest.xml:2:1-98:12
	package
		ADDED from src\main\AndroidManifest.xml:3:5-43
		INJECTED from src\main\AndroidManifest.xml
		INJECTED from src\main\AndroidManifest.xml
	android:versionName
		INJECTED from src\main\AndroidManifest.xml
		INJECTED from src\main\AndroidManifest.xml
	xmlns:android
		ADDED from src\main\AndroidManifest.xml:2:11-69
	android:versionCode
		INJECTED from src\main\AndroidManifest.xml
		INJECTED from src\main\AndroidManifest.xml
uses-permission#android.permission.INTERNET
ADDED from src\main\AndroidManifest.xml:5:5-67
MERGED from [com.daimajia.slider:library:1.1.5] AndroidManifest.xml:11:5-67
	android:name
		ADDED from src\main\AndroidManifest.xml:5:22-64
uses-permission#android.permission.ACCESS_NETWORK_STATE
ADDED from src\main\AndroidManifest.xml:6:5-79
	android:name
		ADDED from src\main\AndroidManifest.xml:6:22-76
uses-permission#android.permission.ACCESS_WIFI_STATE
ADDED from src\main\AndroidManifest.xml:7:5-76
	android:name
		ADDED from src\main\AndroidManifest.xml:7:22-73
uses-permission#android.permission.CHANGE_WIFI_STATE
ADDED from src\main\AndroidManifest.xml:8:5-76
	android:name
		ADDED from src\main\AndroidManifest.xml:8:22-73
uses-permission#android.permission.READ_PHONE_STATE
ADDED from src\main\AndroidManifest.xml:9:5-75
	android:name
		ADDED from src\main\AndroidManifest.xml:9:22-72
uses-permission#android.permission.WRITE_EXTERNAL_STORAGE
ADDED from src\main\AndroidManifest.xml:10:5-81
MERGED from [com.daimajia.slider:library:1.1.5] AndroidManifest.xml:12:5-81
	android:name
		ADDED from src\main\AndroidManifest.xml:10:22-78
application
ADDED from src\main\AndroidManifest.xml:12:5-96:19
MERGED from [CloudMedia:xrecyclerview:unspecified] AndroidManifest.xml:11:5-15:19
MERGED from [CloudMedia:zoomlibrary:unspecified] AndroidManifest.xml:11:5-15:19
MERGED from [com.android.support:design:24.2.1] AndroidManifest.xml:22:5-20
MERGED from [com.jaeger.statusbaruitl:library:1.2.7] AndroidManifest.xml:11:5-20
MERGED from [com.android.support:appcompat-v7:25.0.1] AndroidManifest.xml:25:5-20
MERGED from [com.android.support:animated-vector-drawable:25.0.1] AndroidManifest.xml:22:5-20
MERGED from [com.android.support:support-vector-drawable:25.0.1] AndroidManifest.xml:23:5-20
MERGED from [com.cocosw:bottomsheet:1.3.0] AndroidManifest.xml:9:5-20
MERGED from [com.android.support:support-v4:25.0.1] AndroidManifest.xml:25:5-20
MERGED from [com.android.support:support-fragment:25.0.1] AndroidManifest.xml:25:5-20
MERGED from [com.android.support:support-media-compat:25.0.1] AndroidManifest.xml:25:5-20
MERGED from [com.android.support:support-core-ui:25.0.1] AndroidManifest.xml:25:5-20
MERGED from [com.android.support:support-core-utils:25.0.1] AndroidManifest.xml:25:5-20
MERGED from [com.android.support:support-compat:25.0.1] AndroidManifest.xml:25:5-20
	android:label
		ADDED from src\main\AndroidManifest.xml:16:9-41
	android:supportsRtl
		ADDED from src\main\AndroidManifest.xml:17:9-35
	android:allowBackup
		ADDED from src\main\AndroidManifest.xml:14:9-35
	android:icon
		ADDED from src\main\AndroidManifest.xml:15:9-43
	android:theme
		ADDED from src\main\AndroidManifest.xml:18:9-40
	android:name
		ADDED from src\main\AndroidManifest.xml:13:9-79
activity#com.example.kelly.cloudmedia.MainActivity
ADDED from src\main\AndroidManifest.xml:21:9-24:52
	android:screenOrientation
		ADDED from src\main\AndroidManifest.xml:24:13-49
	android:label
		ADDED from src\main\AndroidManifest.xml:23:13-45
	android:name
		ADDED from src\main\AndroidManifest.xml:22:13-69
activity#com.example.kelly.cloudmedia.SplashActivity
ADDED from src\main\AndroidManifest.xml:25:9-34:20
	android:screenOrientation
		ADDED from src\main\AndroidManifest.xml:27:13-49
	android:theme
		ADDED from src\main\AndroidManifest.xml:28:13-51
	android:name
		ADDED from src\main\AndroidManifest.xml:26:13-71
activity#com.example.kelly.cloudmedia.ui.TransitionActivity
ADDED from src\main\AndroidManifest.xml:35:9-44:20
	android:screenOrientation
		ADDED from src\main\AndroidManifest.xml:37:13-49
	android:theme
		ADDED from src\main\AndroidManifest.xml:38:13-51
	android:name
		ADDED from src\main\AndroidManifest.xml:36:13-78
intent-filter#android.intent.action.MAIN+android.intent.category.LAUNCHER
ADDED from src\main\AndroidManifest.xml:39:13-43:29
action#android.intent.action.MAIN
ADDED from src\main\AndroidManifest.xml:40:17-69
	android:name
		ADDED from src\main\AndroidManifest.xml:40:25-66
category#android.intent.category.LAUNCHER
ADDED from src\main\AndroidManifest.xml:42:17-77
	android:name
		ADDED from src\main\AndroidManifest.xml:42:27-74
activity#com.example.kelly.cloudmedia.base.BaseActivity
ADDED from src\main\AndroidManifest.xml:45:9-48:47
	android:label
		ADDED from src\main\AndroidManifest.xml:47:13-56
	android:theme
		ADDED from src\main\AndroidManifest.xml:48:13-44
	android:name
		ADDED from src\main\AndroidManifest.xml:46:13-74
activity#com.example.kelly.cloudmedia.ui.one.TestActivity
ADDED from src\main\AndroidManifest.xml:49:9-52:51
	android:screenOrientation
		ADDED from src\main\AndroidManifest.xml:51:13-49
	android:theme
		ADDED from src\main\AndroidManifest.xml:52:13-48
	android:name
		ADDED from src\main\AndroidManifest.xml:50:13-76
activity#com.example.kelly.cloudmedia.ui.one.SlideActivity
ADDED from src\main\AndroidManifest.xml:53:9-56:51
	android:screenOrientation
		ADDED from src\main\AndroidManifest.xml:55:13-49
	android:theme
		ADDED from src\main\AndroidManifest.xml:56:13-48
	android:name
		ADDED from src\main\AndroidManifest.xml:54:13-77
activity#com.example.kelly.cloudmedia.ui.one.SlideScrollViewActivity
ADDED from src\main\AndroidManifest.xml:57:9-60:51
	android:screenOrientation
		ADDED from src\main\AndroidManifest.xml:59:13-49
	android:theme
		ADDED from src\main\AndroidManifest.xml:60:13-48
	android:name
		ADDED from src\main\AndroidManifest.xml:58:13-87
activity#com.example.kelly.cloudmedia.ui.one.SlideShadeViewActivity
ADDED from src\main\AndroidManifest.xml:61:9-64:51
	android:screenOrientation
		ADDED from src\main\AndroidManifest.xml:63:13-49
	android:theme
		ADDED from src\main\AndroidManifest.xml:64:13-48
	android:name
		ADDED from src\main\AndroidManifest.xml:62:13-86
activity#com.example.kelly.cloudmedia.ui.one.MovieDetailActivity
ADDED from src\main\AndroidManifest.xml:65:9-68:51
	android:screenOrientation
		ADDED from src\main\AndroidManifest.xml:67:13-49
	android:theme
		ADDED from src\main\AndroidManifest.xml:68:13-48
	android:name
		ADDED from src\main\AndroidManifest.xml:66:13-83
activity#com.example.kelly.cloudmedia.view.viewbigimage.ViewBigImageActivity
ADDED from src\main\AndroidManifest.xml:69:9-72:54
	android:screenOrientation
		ADDED from src\main\AndroidManifest.xml:71:13-49
	android:theme
		ADDED from src\main\AndroidManifest.xml:72:13-51
	android:name
		ADDED from src\main\AndroidManifest.xml:70:13-95
activity#com.example.kelly.cloudmedia.view.webview.WebViewActivity
ADDED from src\main\AndroidManifest.xml:73:9-75:52
	android:screenOrientation
		ADDED from src\main\AndroidManifest.xml:75:13-49
	android:name
		ADDED from src\main\AndroidManifest.xml:74:13-85
activity#com.example.kelly.cloudmedia.ui.one.DoubanTopActivity
ADDED from src\main\AndroidManifest.xml:76:9-78:52
	android:screenOrientation
		ADDED from src\main\AndroidManifest.xml:78:13-49
	android:name
		ADDED from src\main\AndroidManifest.xml:77:13-81
activity#com.example.kelly.cloudmedia.ui.one.OneMovieDetailActivity
ADDED from src\main\AndroidManifest.xml:79:9-82:51
	android:screenOrientation
		ADDED from src\main\AndroidManifest.xml:81:13-49
	android:theme
		ADDED from src\main\AndroidManifest.xml:82:13-48
	android:name
		ADDED from src\main\AndroidManifest.xml:80:13-86
activity#com.example.kelly.cloudmedia.ui.menu.NavHomePageActivity
ADDED from src\main\AndroidManifest.xml:83:9-85:52
	android:screenOrientation
		ADDED from src\main\AndroidManifest.xml:85:13-49
	android:name
		ADDED from src\main\AndroidManifest.xml:84:13-84
activity#com.example.kelly.cloudmedia.ui.menu.NavDeedBackActivity
ADDED from src\main\AndroidManifest.xml:86:9-88:52
	android:screenOrientation
		ADDED from src\main\AndroidManifest.xml:88:13-49
	android:name
		ADDED from src\main\AndroidManifest.xml:87:13-84
activity#com.example.kelly.cloudmedia.ui.menu.NavAboutActivity
ADDED from src\main\AndroidManifest.xml:89:9-91:52
	android:screenOrientation
		ADDED from src\main\AndroidManifest.xml:91:13-49
	android:name
		ADDED from src\main\AndroidManifest.xml:90:13-81
activity#com.example.kelly.cloudmedia.ui.book.child.BookDetailActivity
ADDED from src\main\AndroidManifest.xml:92:9-94:52
	android:screenOrientation
		ADDED from src\main\AndroidManifest.xml:94:13-49
	android:name
		ADDED from src\main\AndroidManifest.xml:93:13-89
activity#com.example.kelly.cloudmedia.ui.menu.NavDownloadActivity
ADDED from src\main\AndroidManifest.xml:95:9-102
	android:name
		ADDED from src\main\AndroidManifest.xml:95:19-90
uses-sdk
INJECTED from src\main\AndroidManifest.xml reason: use-sdk injection requested
MERGED from [CloudMedia:xrecyclerview:unspecified] AndroidManifest.xml:7:5-9:41
MERGED from [CloudMedia:zoomlibrary:unspecified] AndroidManifest.xml:7:5-9:41
MERGED from [com.android.support:design:24.2.1] AndroidManifest.xml:20:5-43
MERGED from [com.android.support:recyclerview-v7:25.0.1] AndroidManifest.xml:20:5-43
MERGED from [com.jaeger.statusbaruitl:library:1.2.7] AndroidManifest.xml:7:5-9:41
MERGED from [com.android.support:appcompat-v7:25.0.1] AndroidManifest.xml:21:5-23:78
MERGED from [com.android.support:animated-vector-drawable:25.0.1] AndroidManifest.xml:20:5-44
MERGED from [com.android.support:support-vector-drawable:25.0.1] AndroidManifest.xml:21:5-43
MERGED from [io.reactivex:rxandroid:1.2.0] AndroidManifest.xml:19:5-43
MERGED from [jp.wasabeef:glide-transformations:2.0.1] AndroidManifest.xml:8:5-10:41
MERGED from [com.youth.banner:banner:1.4.2] AndroidManifest.xml:7:5-9:41
MERGED from [com.daimajia.slider:library:1.1.5] AndroidManifest.xml:7:5-9:41
MERGED from [com.cocosw:bottomsheet:1.3.0] AndroidManifest.xml:5:5-7:41
MERGED from [com.android.databinding:adapters:1.2.1] AndroidManifest.xml:22:5-24:41
MERGED from [com.android.databinding:library:1.2.1] AndroidManifest.xml:22:5-24:41
MERGED from [com.android.support:support-v4:25.0.1] AndroidManifest.xml:21:5-23:54
MERGED from [com.android.support:support-fragment:25.0.1] AndroidManifest.xml:21:5-23:60
MERGED from [com.android.support:support-media-compat:25.0.1] AndroidManifest.xml:21:5-23:63
MERGED from [com.android.support:support-core-ui:25.0.1] AndroidManifest.xml:21:5-23:58
MERGED from [com.android.support:support-core-utils:25.0.1] AndroidManifest.xml:21:5-23:61
MERGED from [com.android.support:support-compat:25.0.1] AndroidManifest.xml:21:5-23:58
	tools:overrideLibrary
		ADDED from [com.android.support:appcompat-v7:25.0.1] AndroidManifest.xml:23:9-75
	android:targetSdkVersion
		INJECTED from src\main\AndroidManifest.xml
		INJECTED from src\main\AndroidManifest.xml
	android:minSdkVersion
		INJECTED from src\main\AndroidManifest.xml
		INJECTED from src\main\AndroidManifest.xml
android:uses-permission#android.permission.READ_EXTERNAL_STORAGE
IMPLIED from src\main\AndroidManifest.xml:2:1-98:12 reason: com.daimajia.slider.library requested WRITE_EXTERNAL_STORAGE